<?xml version="1.0" encoding="UTF-8"?>
<testng-results ignored="0" total="2" passed="2" failed="0" skipped="0">
  <reporter-output>
  </reporter-output>
  <suite started-at="2024-05-17T00:52:51 IST" name="Default suite" finished-at="2024-05-17T00:52:57 IST" duration-ms="5949">
    <groups>
    </groups>
    <test started-at="2024-05-17T00:52:51 IST" name="Default test" finished-at="2024-05-17T00:52:57 IST" duration-ms="5949">
      <class name="Session03.Test_GetMethod">
        <test-method signature="test01()[pri:0, instance:Session03.Test_GetMethod@8f2ef19]" started-at="2024-05-17T00:52:51 IST" name="test01" finished-at="2024-05-17T00:52:56 IST" duration-ms="5449" status="PASS">
          <reporter-output>
          </reporter-output>
        </test-method> <!-- test01 -->
        <test-method signature="test02BDDStyle()[pri:0, instance:Session03.Test_GetMethod@8f2ef19]" started-at="2024-05-17T00:52:56 IST" name="test02BDDStyle" finished-at="2024-05-17T00:52:57 IST" duration-ms="384" status="PASS">
          <reporter-output>
          </reporter-output>
        </test-method> <!-- test02BDDStyle -->
      </class> <!-- Session03.Test_GetMethod -->
    </test> <!-- Default test -->
  </suite> <!-- Default suite -->
</testng-results>
